= Host-specific information ====================================================
$> hostname; uname -msr
e2r10p7.42.fr
Darwin 15.6.0 x86_64
$> date
Sun Jul 23 11:04:30 CEST 2017
$> gcc --version
Configured with: --prefix=/Applications/Xcode.app/Contents/Developer/usr --with-gxx-include-dir=/usr/include/c++/4.2.1
Apple LLVM version 8.0.0 (clang-800.0.42.1)
Target: x86_64-apple-darwin15.6.0
Thread model: posix
InstalledDir: /Applications/Xcode.app/Contents/Developer/Toolchains/XcodeDefault.xctoolchain/usr/bin
$> clang --version
Apple LLVM version 8.0.0 (clang-800.0.42.1)
Target: x86_64-apple-darwin15.6.0
Thread model: posix
InstalledDir: /Applications/Xcode.app/Contents/Developer/Toolchains/XcodeDefault.xctoolchain/usr/bin

= User files collection ========================================================
Collecting user files from Vogsphere
Repository URL: auto-exam/2017/c-exam-beginner/practice-exam_20170723/thzondo

= Git history ==================================================================
$> git -C /var/folders/rk/dzqjp96x265506ggjpk43_5r0000gq/T/tmpvJ3Yyu/user log --pretty='%H - %an, %ad : %s'
8adf0eb3bb2e424169d09913212b3704824a06a9 - Thulani ZONDO, Sun Jul 23 11:03:36 2017 +0200 : adding the new print_bits.c
 
= Collected files ==========================================
$> ls -lAR /var/folders/rk/dzqjp96x265506ggjpk43_5r0000gq/T/tmpvJ3Yyu/user
total 8
-rw-r--r--  1 deepthought  deepthought  267 Jul 23 11:04 __GIT_HISTORY
drwxr-xr-x  3 deepthought  deepthought  102 Jul 23 11:04 print_bits

/var/folders/rk/dzqjp96x265506ggjpk43_5r0000gq/T/tmpvJ3Yyu/user/print_bits:
total 8
-rw-r--r--  1 deepthought  deepthought  1210 Jul 23 11:04 print_bits.c
 
= print_bits ===================================================================
$> clang -Wextra -Wall -Werror main.c print_bits.c -o user_exe 

= Test 1 ===================================================
$> ./5ikeu1uue6casgcfag7qhiw0
$> diff -U 3 user_output_test1 test1.output | cat -e

Diff OK :D
Grade: 1

= Final grade: 1 ===============================================================
