= Host-specific information ====================================================
$> hostname; uname -msr
e2r2p20.42.fr
Darwin 15.6.0 x86_64
$> date
Sun Jul 23 13:13:52 CEST 2017
$> gcc --version
Configured with: --prefix=/Applications/Xcode.app/Contents/Developer/usr --with-gxx-include-dir=/usr/include/c++/4.2.1
Apple LLVM version 8.0.0 (clang-800.0.42.1)
Target: x86_64-apple-darwin15.6.0
Thread model: posix
InstalledDir: /Applications/Xcode.app/Contents/Developer/Toolchains/XcodeDefault.xctoolchain/usr/bin
$> clang --version
Apple LLVM version 8.0.0 (clang-800.0.42.1)
Target: x86_64-apple-darwin15.6.0
Thread model: posix
InstalledDir: /Applications/Xcode.app/Contents/Developer/Toolchains/XcodeDefault.xctoolchain/usr/bin

= User files collection ========================================================
Collecting user files from Vogsphere
Repository URL: auto-exam/2017/c-exam-beginner/practice-exam_20170723/thzondo

= Git history ==================================================================
$> git -C /var/folders/pt/w7ty6dsj5hjflm1ql0kkr5r80000gq/T/tmppRo3Gd/user log --pretty='%H - %an, %ad : %s'
2ba24b2a6ac639a26eaf275f753c0c9d4488e98f - Thulani ZONDO, Sun Jul 23 13:12:54 2017 +0200 : made another change
8adf0eb3bb2e424169d09913212b3704824a06a9 - Thulani ZONDO, Sun Jul 23 11:03:36 2017 +0200 : adding the new print_bits.c
 
= Collected files ==========================================
$> ls -lAR /var/folders/pt/w7ty6dsj5hjflm1ql0kkr5r80000gq/T/tmppRo3Gd/user
total 8
-rw-r--r--  1 deepthought  deepthought  521 Jul 23 13:13 __GIT_HISTORY
drwxr-xr-x  3 deepthought  deepthought  102 Jul 23 13:13 ft_range
drwxr-xr-x  3 deepthought  deepthought  102 Jul 23 13:13 print_bits

/var/folders/pt/w7ty6dsj5hjflm1ql0kkr5r80000gq/T/tmppRo3Gd/user/ft_range:
total 8
-rw-r--r--  1 deepthought  deepthought  1182 Jul 23 13:13 ft_range.c

/var/folders/pt/w7ty6dsj5hjflm1ql0kkr5r80000gq/T/tmppRo3Gd/user/print_bits:
total 8
-rw-r--r--  1 deepthought  deepthought  1210 Jul 23 13:13 print_bits.c
 
= ft_range =====================================================================
$> clang -Wextra -Wall -Werror main.c ft_range.c -o user_exe 

= Test 1 ===================================================
$> ./honfidculq0gwn4ey1sclk2d 
$> diff -U 3 user_output_test1 test1.output | cat -e

Diff OK :D
= Test 2 ===================================================
$> ./ulv0xt34awcmqmuvy42knepn "21" "2313" "12"
Command './ulv0xt34awcmqmuvy42knepn "21" "2313" "12"' got killed by a Segmentation fault (Signal -11)
Grade: 0

= Final grade: 0 ===============================================================
